{"contracts/BastionProtocol.sol":{"l":{"29":0,"30":0,"35":4,"36":4,"47":0,"49":0,"50":0,"51":0,"53":0,"64":0,"65":0,"67":0,"68":0,"69":0,"71":0,"78":2,"85":1,"92":1},"path":"/workspaces/domainfi-bastion/packages/contracts-avalanche/contracts/BastionProtocol.sol","s":{"1":0,"2":0,"3":0,"4":0,"5":0,"6":0,"7":0,"8":0,"9":1},"b":{"1":[0,0],"2":[0,0],"3":[0,0],"4":[0,0],"5":[0,0],"6":[0,0],"7":[0,0],"8":[0,0],"9":[2,1],"10":[1,0]},"f":{"1":0,"2":4,"3":0,"4":0,"5":2,"6":1,"7":1},"fnMap":{"1":{"name":"onlySupportedToken","line":28,"loc":{"start":{"line":28,"column":4},"end":{"line":31,"column":4}}},"2":{"name":"constructor","line":33,"loc":{"start":{"line":33,"column":4},"end":{"line":37,"column":4}}},"3":{"name":"deposit","line":45,"loc":{"start":{"line":42,"column":4},"end":{"line":54,"column":4}}},"4":{"name":"withdraw","line":62,"loc":{"start":{"line":59,"column":4},"end":{"line":72,"column":4}}},"5":{"name":"addSupportedToken","line":77,"loc":{"start":{"line":77,"column":4},"end":{"line":79,"column":4}}},"6":{"name":"removeSupportedToken","line":84,"loc":{"start":{"line":84,"column":4},"end":{"line":86,"column":4}}},"7":{"name":"getUserBalance","line":91,"loc":{"start":{"line":91,"column":4},"end":{"line":93,"column":4}}}},"statementMap":{"1":{"start":{"line":29,"column":8},"end":{"line":29,"column":61}},"2":{"start":{"line":47,"column":8},"end":{"line":47,"column":59}},"3":{"start":{"line":49,"column":8},"end":{"line":49,"column":72}},"4":{"start":{"line":53,"column":8},"end":{"line":53,"column":47}},"5":{"start":{"line":64,"column":8},"end":{"line":64,"column":59}},"6":{"start":{"line":65,"column":8},"end":{"line":65,"column":81}},"7":{"start":{"line":69,"column":8},"end":{"line":69,"column":53}},"8":{"start":{"line":71,"column":8},"end":{"line":71,"column":48}},"9":{"start":{"line":92,"column":8},"end":{"line":92,"column":40}}},"branchMap":{"1":{"line":29,"type":"if","locations":[{"start":{"line":29,"column":8},"end":{"line":29,"column":8}},{"start":{"line":29,"column":8},"end":{"line":29,"column":8}}]},"2":{"line":44,"type":"if","locations":[{"start":{"line":44,"column":8},"end":{"line":44,"column":8}},{"start":{"line":44,"column":8},"end":{"line":44,"column":8}}]},"3":{"line":45,"type":"if","locations":[{"start":{"line":45,"column":8},"end":{"line":45,"column":8}},{"start":{"line":45,"column":8},"end":{"line":45,"column":8}}]},"4":{"line":47,"type":"if","locations":[{"start":{"line":47,"column":8},"end":{"line":47,"column":8}},{"start":{"line":47,"column":8},"end":{"line":47,"column":8}}]},"5":{"line":61,"type":"if","locations":[{"start":{"line":61,"column":8},"end":{"line":61,"column":8}},{"start":{"line":61,"column":8},"end":{"line":61,"column":8}}]},"6":{"line":62,"type":"if","locations":[{"start":{"line":62,"column":8},"end":{"line":62,"column":8}},{"start":{"line":62,"column":8},"end":{"line":62,"column":8}}]},"7":{"line":64,"type":"if","locations":[{"start":{"line":64,"column":8},"end":{"line":64,"column":8}},{"start":{"line":64,"column":8},"end":{"line":64,"column":8}}]},"8":{"line":65,"type":"if","locations":[{"start":{"line":65,"column":8},"end":{"line":65,"column":8}},{"start":{"line":65,"column":8},"end":{"line":65,"column":8}}]},"9":{"line":77,"type":"if","locations":[{"start":{"line":77,"column":55},"end":{"line":77,"column":55}},{"start":{"line":77,"column":55},"end":{"line":77,"column":55}}]},"10":{"line":84,"type":"if","locations":[{"start":{"line":84,"column":58},"end":{"line":84,"column":58}},{"start":{"line":84,"column":58},"end":{"line":84,"column":58}}]}}},"contracts/CollateralManager.sol":{"l":{"44":0,"45":0,"56":0,"63":0,"70":0,"80":0,"81":0,"82":0,"83":0,"85":0,"86":0,"88":0,"92":0,"96":0,"97":0,"99":0,"100":0,"101":0,"102":0,"103":0,"104":0,"105":0,"106":0,"109":0,"110":0,"112":0,"113":0,"114":0,"116":0,"120":0,"124":0,"125":0,"126":0,"127":0,"128":0,"129":0,"130":0,"131":0,"133":0,"137":0,"141":0,"142":0,"143":0,"144":0,"145":0,"146":0,"147":0,"148":0,"151":0,"152":0,"153":0,"158":0,"159":0,"160":0,"164":0,"165":0,"168":0,"169":0,"174":0,"175":0,"176":0,"180":0,"181":0,"182":0},"path":"/workspaces/domainfi-bastion/packages/contracts-avalanche/contracts/CollateralManager.sol","s":{"1":0,"2":0,"3":0,"4":0,"5":0,"6":0,"7":0,"8":0,"9":0,"10":0,"11":0,"12":0,"13":0,"14":0,"15":0,"16":0,"17":0,"18":0,"19":0,"20":0,"21":0,"22":0,"23":0,"24":0,"25":0,"26":0,"27":0,"28":0,"29":0,"30":0,"31":0,"32":0,"33":0,"34":0,"35":0,"36":0,"37":0,"38":0,"39":0,"40":0,"41":0,"42":0,"43":0,"44":0,"45":0,"46":0,"47":0},"b":{"1":[0,0],"2":[0,0],"3":[0,0],"4":[0,0],"5":[0,0],"6":[0,0],"7":[0,0],"8":[0,0],"9":[0,0],"10":[0,0],"11":[0,0],"12":[0,0],"13":[0,0],"14":[0,0],"15":[0,0],"16":[0,0],"17":[0,0],"18":[0,0],"19":[0,0],"20":[0,0],"21":[0,0],"22":[0,0],"23":[0,0],"24":[0,0],"25":[0,0],"26":[0,0],"27":[0,0],"28":[0,0],"29":[0,0],"30":[0,0],"31":[0,0],"32":[0,0]},"f":{"1":0,"2":0,"3":0,"4":0,"5":0,"6":0,"7":0,"8":0,"9":0,"10":0,"11":0,"12":0,"13":0},"fnMap":{"1":{"name":"oracleActive","line":43,"loc":{"start":{"line":43,"column":4},"end":{"line":46,"column":4}}},"2":{"name":"constructor","line":55,"loc":{"start":{"line":48,"column":4},"end":{"line":77,"column":4}}},"3":{"name":"_postCollateral","line":79,"loc":{"start":{"line":79,"column":4},"end":{"line":89,"column":4}}},"4":{"name":"postCollateral","line":91,"loc":{"start":{"line":91,"column":4},"end":{"line":93,"column":4}}},"5":{"name":"_withdrawCollateral","line":95,"loc":{"start":{"line":95,"column":4},"end":{"line":117,"column":4}}},"6":{"name":"withdrawCollateral","line":119,"loc":{"start":{"line":119,"column":4},"end":{"line":121,"column":4}}},"7":{"name":"calculateHealthFactor","line":123,"loc":{"start":{"line":123,"column":4},"end":{"line":138,"column":4}}},"8":{"name":"liquidate","line":140,"loc":{"start":{"line":140,"column":4},"end":{"line":155,"column":4}}},"9":{"name":"getPrice","line":157,"loc":{"start":{"line":157,"column":4},"end":{"line":161,"column":4}}},"10":{"name":"pauseOracle","line":163,"loc":{"start":{"line":163,"column":4},"end":{"line":166,"column":4}}},"11":{"name":"unpauseOracle","line":167,"loc":{"start":{"line":167,"column":4},"end":{"line":170,"column":4}}},"12":{"name":"batchPostCollateral","line":173,"loc":{"start":{"line":173,"column":4},"end":{"line":178,"column":4}}},"13":{"name":"batchWithdrawCollateral","line":179,"loc":{"start":{"line":179,"column":4},"end":{"line":184,"column":4}}}},"statementMap":{"1":{"start":{"line":44,"column":8},"end":{"line":44,"column":52}},"2":{"start":{"line":80,"column":8},"end":{"line":80,"column":62}},"3":{"start":{"line":81,"column":8},"end":{"line":81,"column":2887}},"4":{"start":{"line":82,"column":12},"end":{"line":82,"column":80}},"5":{"start":{"line":83,"column":12},"end":{"line":83,"column":62}},"6":{"start":{"line":85,"column":12},"end":{"line":85,"column":79}},"7":{"start":{"line":88,"column":8},"end":{"line":88,"column":59}},"8":{"start":{"line":92,"column":8},"end":{"line":92,"column":58}},"9":{"start":{"line":96,"column":8},"end":{"line":96,"column":62}},"10":{"start":{"line":97,"column":8},"end":{"line":97,"column":3654}},"11":{"start":{"line":99,"column":12},"end":{"line":99,"column":68}},"12":{"start":{"line":100,"column":12},"end":{"line":100,"column":30}},"13":{"start":{"line":101,"column":12},"end":{"line":101,"column":3859}},"14":{"start":{"line":102,"column":16},"end":{"line":102,"column":3925}},"15":{"start":{"line":104,"column":20},"end":{"line":104,"column":31}},"16":{"start":{"line":109,"column":12},"end":{"line":109,"column":46}},"17":{"start":{"line":110,"column":12},"end":{"line":110,"column":84}},"18":{"start":{"line":112,"column":12},"end":{"line":112,"column":92}},"19":{"start":{"line":114,"column":12},"end":{"line":114,"column":60}},"20":{"start":{"line":116,"column":8},"end":{"line":116,"column":62}},"21":{"start":{"line":120,"column":8},"end":{"line":120,"column":62}},"22":{"start":{"line":124,"column":8},"end":{"line":124,"column":38}},"23":{"start":{"line":125,"column":8},"end":{"line":125,"column":32}},"24":{"start":{"line":126,"column":8},"end":{"line":126,"column":5000}},"25":{"start":{"line":127,"column":12},"end":{"line":127,"column":73}},"26":{"start":{"line":128,"column":12},"end":{"line":128,"column":51}},"27":{"start":{"line":129,"column":12},"end":{"line":129,"column":5176}},"28":{"start":{"line":130,"column":16},"end":{"line":130,"column":79}},"29":{"start":{"line":141,"column":8},"end":{"line":141,"column":57}},"30":{"start":{"line":142,"column":8},"end":{"line":142,"column":52}},"31":{"start":{"line":143,"column":8},"end":{"line":143,"column":33}},"32":{"start":{"line":144,"column":8},"end":{"line":144,"column":5919}},"33":{"start":{"line":145,"column":12},"end":{"line":145,"column":73}},"34":{"start":{"line":146,"column":12},"end":{"line":146,"column":6042}},"35":{"start":{"line":151,"column":8},"end":{"line":151,"column":51}},"36":{"start":{"line":153,"column":8},"end":{"line":153,"column":29}},"37":{"start":{"line":158,"column":8},"end":{"line":158,"column":65}},"38":{"start":{"line":159,"column":8},"end":{"line":159,"column":43}},"39":{"start":{"line":160,"column":8},"end":{"line":160,"column":30}},"40":{"start":{"line":165,"column":8},"end":{"line":165,"column":37}},"41":{"start":{"line":169,"column":8},"end":{"line":169,"column":39}},"42":{"start":{"line":174,"column":8},"end":{"line":174,"column":76}},"43":{"start":{"line":175,"column":8},"end":{"line":175,"column":7124}},"44":{"start":{"line":176,"column":12},"end":{"line":176,"column":71}},"45":{"start":{"line":180,"column":8},"end":{"line":180,"column":76}},"46":{"start":{"line":181,"column":8},"end":{"line":181,"column":7502}},"47":{"start":{"line":182,"column":12},"end":{"line":182,"column":75}}},"branchMap":{"1":{"line":44,"type":"if","locations":[{"start":{"line":44,"column":8},"end":{"line":44,"column":8}},{"start":{"line":44,"column":8},"end":{"line":44,"column":8}}]},"2":{"line":81,"type":"if","locations":[{"start":{"line":81,"column":8},"end":{"line":81,"column":8}},{"start":{"line":81,"column":8},"end":{"line":81,"column":8}}]},"3":{"line":91,"type":"if","locations":[{"start":{"line":91,"column":79},"end":{"line":91,"column":79}},{"start":{"line":91,"column":79},"end":{"line":91,"column":79}}]},"4":{"line":91,"type":"if","locations":[{"start":{"line":91,"column":93},"end":{"line":91,"column":93}},{"start":{"line":91,"column":93},"end":{"line":91,"column":93}}]},"5":{"line":91,"type":"if","locations":[{"start":{"line":91,"column":106},"end":{"line":91,"column":106}},{"start":{"line":91,"column":106},"end":{"line":91,"column":106}}]},"6":{"line":97,"type":"if","locations":[{"start":{"line":97,"column":8},"end":{"line":97,"column":8}},{"start":{"line":97,"column":8},"end":{"line":97,"column":8}}]},"7":{"line":102,"type":"if","locations":[{"start":{"line":102,"column":16},"end":{"line":102,"column":16}},{"start":{"line":102,"column":16},"end":{"line":102,"column":16}}]},"8":{"line":109,"type":"if","locations":[{"start":{"line":109,"column":12},"end":{"line":109,"column":12}},{"start":{"line":109,"column":12},"end":{"line":109,"column":12}}]},"9":{"line":112,"type":"if","locations":[{"start":{"line":112,"column":12},"end":{"line":112,"column":12}},{"start":{"line":112,"column":12},"end":{"line":112,"column":12}}]},"10":{"line":119,"type":"if","locations":[{"start":{"line":119,"column":83},"end":{"line":119,"column":83}},{"start":{"line":119,"column":83},"end":{"line":119,"column":83}}]},"11":{"line":119,"type":"if","locations":[{"start":{"line":119,"column":97},"end":{"line":119,"column":97}},{"start":{"line":119,"column":97},"end":{"line":119,"column":97}}]},"12":{"line":119,"type":"if","locations":[{"start":{"line":119,"column":110},"end":{"line":119,"column":110}},{"start":{"line":119,"column":110},"end":{"line":119,"column":110}}]},"13":{"line":123,"type":"if","locations":[{"start":{"line":123,"column":61},"end":{"line":123,"column":61}},{"start":{"line":123,"column":61},"end":{"line":123,"column":61}}]},"14":{"line":129,"type":"if","locations":[{"start":{"line":129,"column":12},"end":{"line":129,"column":12}},{"start":{"line":129,"column":12},"end":{"line":129,"column":12}}]},"15":{"line":140,"type":"if","locations":[{"start":{"line":140,"column":46},"end":{"line":140,"column":46}},{"start":{"line":140,"column":46},"end":{"line":140,"column":46}}]},"16":{"line":140,"type":"if","locations":[{"start":{"line":140,"column":60},"end":{"line":140,"column":60}},{"start":{"line":140,"column":60},"end":{"line":140,"column":60}}]},"17":{"line":140,"type":"if","locations":[{"start":{"line":140,"column":73},"end":{"line":140,"column":73}},{"start":{"line":140,"column":73},"end":{"line":140,"column":73}}]},"18":{"line":141,"type":"if","locations":[{"start":{"line":141,"column":8},"end":{"line":141,"column":8}},{"start":{"line":141,"column":8},"end":{"line":141,"column":8}}]},"19":{"line":146,"type":"if","locations":[{"start":{"line":146,"column":12},"end":{"line":146,"column":12}},{"start":{"line":146,"column":12},"end":{"line":146,"column":12}}]},"20":{"line":151,"type":"if","locations":[{"start":{"line":151,"column":8},"end":{"line":151,"column":8}},{"start":{"line":151,"column":8},"end":{"line":151,"column":8}}]},"21":{"line":157,"type":"if","locations":[{"start":{"line":157,"column":48},"end":{"line":157,"column":48}},{"start":{"line":157,"column":48},"end":{"line":157,"column":48}}]},"22":{"line":159,"type":"if","locations":[{"start":{"line":159,"column":8},"end":{"line":159,"column":8}},{"start":{"line":159,"column":8},"end":{"line":159,"column":8}}]},"23":{"line":163,"type":"if","locations":[{"start":{"line":163,"column":36},"end":{"line":163,"column":36}},{"start":{"line":163,"column":36},"end":{"line":163,"column":36}}]},"24":{"line":167,"type":"if","locations":[{"start":{"line":167,"column":38},"end":{"line":167,"column":38}},{"start":{"line":167,"column":38},"end":{"line":167,"column":38}}]},"25":{"line":173,"type":"if","locations":[{"start":{"line":173,"column":109},"end":{"line":173,"column":109}},{"start":{"line":173,"column":109},"end":{"line":173,"column":109}}]},"26":{"line":173,"type":"if","locations":[{"start":{"line":173,"column":123},"end":{"line":173,"column":123}},{"start":{"line":173,"column":123},"end":{"line":173,"column":123}}]},"27":{"line":173,"type":"if","locations":[{"start":{"line":173,"column":136},"end":{"line":173,"column":136}},{"start":{"line":173,"column":136},"end":{"line":173,"column":136}}]},"28":{"line":174,"type":"if","locations":[{"start":{"line":174,"column":8},"end":{"line":174,"column":8}},{"start":{"line":174,"column":8},"end":{"line":174,"column":8}}]},"29":{"line":179,"type":"if","locations":[{"start":{"line":179,"column":113},"end":{"line":179,"column":113}},{"start":{"line":179,"column":113},"end":{"line":179,"column":113}}]},"30":{"line":179,"type":"if","locations":[{"start":{"line":179,"column":127},"end":{"line":179,"column":127}},{"start":{"line":179,"column":127},"end":{"line":179,"column":127}}]},"31":{"line":179,"type":"if","locations":[{"start":{"line":179,"column":140},"end":{"line":179,"column":140}},{"start":{"line":179,"column":140},"end":{"line":179,"column":140}}]},"32":{"line":180,"type":"if","locations":[{"start":{"line":180,"column":8},"end":{"line":180,"column":8}},{"start":{"line":180,"column":8},"end":{"line":180,"column":8}}]}}},"contracts/LendingPool.sol":{"l":{"56":0,"57":0,"61":0,"62":0,"63":0,"64":0,"65":0,"69":0,"70":0,"71":0,"75":0,"76":0,"77":0,"78":0,"82":0,"83":0,"85":0,"87":0,"88":0,"98":0,"99":0,"100":0,"101":0,"105":0,"106":0,"107":0,"108":0,"109":0,"110":0,"111":0,"112":0,"114":0,"115":0,"116":0,"119":0,"120":0,"121":0,"123":0,"124":0,"128":0,"129":0,"130":0,"131":0,"133":0,"137":0,"138":0,"139":0,"140":0,"144":0,"145":0,"149":0,"150":0,"153":0,"154":0},"path":"/workspaces/domainfi-bastion/packages/contracts-avalanche/contracts/LendingPool.sol","s":{"1":0,"2":0,"3":0,"4":0,"5":0,"6":0,"7":0,"8":0,"9":0,"10":0,"11":0,"12":0,"13":0,"14":0,"15":0,"16":0,"17":0,"18":0,"19":0,"20":0,"21":0,"22":0,"23":0,"24":0,"25":0,"26":0,"27":0,"28":0,"29":0,"30":0,"31":0,"32":0,"33":0},"b":{"1":[0,0],"2":[0,0],"3":[0,0],"4":[0,0],"5":[0,0],"6":[0,0],"7":[0,0],"8":[0,0],"9":[0,0],"10":[0,0],"11":[0,0],"12":[0,0],"13":[0,0],"14":[0,0],"15":[0,0],"16":[0,0],"17":[0,0],"18":[0,0],"19":[0,0],"20":[0,0],"21":[0,0],"22":[0,0],"23":[0,0],"24":[0,0],"25":[0,0],"26":[0,0],"27":[0,0]},"f":{"1":0,"2":0,"3":0,"4":0,"5":0,"6":0,"7":0,"8":0,"9":0,"10":0,"11":0},"fnMap":{"1":{"name":"onlySupportedAsset","line":55,"loc":{"start":{"line":55,"column":4},"end":{"line":58,"column":4}}},"2":{"name":"constructor","line":60,"loc":{"start":{"line":60,"column":4},"end":{"line":66,"column":4}}},"3":{"name":"addLiquidity","line":68,"loc":{"start":{"line":68,"column":4},"end":{"line":72,"column":4}}},"4":{"name":"removeLiquidity","line":74,"loc":{"start":{"line":74,"column":4},"end":{"line":79,"column":4}}},"5":{"name":"borrow","line":81,"loc":{"start":{"line":81,"column":4},"end":{"line":102,"column":4}}},"6":{"name":"repay","line":104,"loc":{"start":{"line":104,"column":4},"end":{"line":125,"column":4}}},"7":{"name":"liquidate","line":127,"loc":{"start":{"line":127,"column":4},"end":{"line":134,"column":4}}},"8":{"name":"accruedInterest","line":136,"loc":{"start":{"line":136,"column":4},"end":{"line":141,"column":4}}},"9":{"name":"setInterestRate","line":143,"loc":{"start":{"line":143,"column":4},"end":{"line":146,"column":4}}},"10":{"name":"pause","line":148,"loc":{"start":{"line":148,"column":4},"end":{"line":151,"column":4}}},"11":{"name":"unpause","line":152,"loc":{"start":{"line":152,"column":4},"end":{"line":155,"column":4}}}},"statementMap":{"1":{"start":{"line":56,"column":8},"end":{"line":56,"column":84}},"2":{"start":{"line":69,"column":8},"end":{"line":69,"column":77}},"3":{"start":{"line":71,"column":8},"end":{"line":71,"column":54}},"4":{"start":{"line":75,"column":8},"end":{"line":75,"column":78}},"5":{"start":{"line":77,"column":8},"end":{"line":77,"column":58}},"6":{"start":{"line":78,"column":8},"end":{"line":78,"column":56}},"7":{"start":{"line":82,"column":8},"end":{"line":82,"column":78}},"8":{"start":{"line":83,"column":8},"end":{"line":83,"column":77}},"9":{"start":{"line":85,"column":8},"end":{"line":85,"column":103}},"10":{"start":{"line":100,"column":8},"end":{"line":100,"column":58}},"11":{"start":{"line":101,"column":8},"end":{"line":101,"column":62}},"12":{"start":{"line":105,"column":8},"end":{"line":105,"column":41}},"13":{"start":{"line":106,"column":8},"end":{"line":106,"column":59}},"14":{"start":{"line":107,"column":8},"end":{"line":107,"column":54}},"15":{"start":{"line":108,"column":8},"end":{"line":108,"column":50}},"16":{"start":{"line":109,"column":8},"end":{"line":109,"column":53}},"17":{"start":{"line":110,"column":8},"end":{"line":110,"column":53}},"18":{"start":{"line":111,"column":8},"end":{"line":111,"column":82}},"19":{"start":{"line":112,"column":8},"end":{"line":112,"column":4903}},"20":{"start":{"line":124,"column":8},"end":{"line":124,"column":39}},"21":{"start":{"line":128,"column":8},"end":{"line":128,"column":41}},"22":{"start":{"line":129,"column":8},"end":{"line":129,"column":54}},"23":{"start":{"line":130,"column":8},"end":{"line":130,"column":81}},"24":{"start":{"line":133,"column":8},"end":{"line":133,"column":35}},"25":{"start":{"line":137,"column":8},"end":{"line":137,"column":41}},"26":{"start":{"line":138,"column":8},"end":{"line":138,"column":50}},"27":{"start":{"line":139,"column":8},"end":{"line":139,"column":64}},"28":{"start":{"line":140,"column":8},"end":{"line":140,"column":69}},"29":{"start":{"line":145,"column":8},"end":{"line":145,"column":51}},"30":{"start":{"line":149,"column":8},"end":{"line":149,"column":15}},"31":{"start":{"line":150,"column":8},"end":{"line":150,"column":40}},"32":{"start":{"line":153,"column":8},"end":{"line":153,"column":17}},"33":{"start":{"line":154,"column":8},"end":{"line":154,"column":42}}},"branchMap":{"1":{"line":56,"type":"if","locations":[{"start":{"line":56,"column":8},"end":{"line":56,"column":8}},{"start":{"line":56,"column":8},"end":{"line":56,"column":8}}]},"2":{"line":68,"type":"if","locations":[{"start":{"line":68,"column":64},"end":{"line":68,"column":64}},{"start":{"line":68,"column":64},"end":{"line":68,"column":64}}]},"3":{"line":68,"type":"if","locations":[{"start":{"line":68,"column":90},"end":{"line":68,"column":90}},{"start":{"line":68,"column":90},"end":{"line":68,"column":90}}]},"4":{"line":68,"type":"if","locations":[{"start":{"line":68,"column":104},"end":{"line":68,"column":104}},{"start":{"line":68,"column":104},"end":{"line":68,"column":104}}]},"5":{"line":74,"type":"if","locations":[{"start":{"line":74,"column":67},"end":{"line":74,"column":67}},{"start":{"line":74,"column":67},"end":{"line":74,"column":67}}]},"6":{"line":74,"type":"if","locations":[{"start":{"line":74,"column":93},"end":{"line":74,"column":93}},{"start":{"line":74,"column":93},"end":{"line":74,"column":93}}]},"7":{"line":74,"type":"if","locations":[{"start":{"line":74,"column":107},"end":{"line":74,"column":107}},{"start":{"line":74,"column":107},"end":{"line":74,"column":107}}]},"8":{"line":75,"type":"if","locations":[{"start":{"line":75,"column":8},"end":{"line":75,"column":8}},{"start":{"line":75,"column":8},"end":{"line":75,"column":8}}]},"9":{"line":81,"type":"if","locations":[{"start":{"line":81,"column":110},"end":{"line":81,"column":110}},{"start":{"line":81,"column":110},"end":{"line":81,"column":110}}]},"10":{"line":81,"type":"if","locations":[{"start":{"line":81,"column":136},"end":{"line":81,"column":136}},{"start":{"line":81,"column":136},"end":{"line":81,"column":136}}]},"11":{"line":81,"type":"if","locations":[{"start":{"line":81,"column":150},"end":{"line":81,"column":150}},{"start":{"line":81,"column":150},"end":{"line":81,"column":150}}]},"12":{"line":82,"type":"if","locations":[{"start":{"line":82,"column":8},"end":{"line":82,"column":8}},{"start":{"line":82,"column":8},"end":{"line":82,"column":8}}]},"13":{"line":85,"type":"if","locations":[{"start":{"line":85,"column":8},"end":{"line":85,"column":8}},{"start":{"line":85,"column":8},"end":{"line":85,"column":8}}]},"14":{"line":104,"type":"if","locations":[{"start":{"line":104,"column":60},"end":{"line":104,"column":60}},{"start":{"line":104,"column":60},"end":{"line":104,"column":60}}]},"15":{"line":104,"type":"if","locations":[{"start":{"line":104,"column":74},"end":{"line":104,"column":74}},{"start":{"line":104,"column":74},"end":{"line":104,"column":74}}]},"16":{"line":106,"type":"if","locations":[{"start":{"line":106,"column":8},"end":{"line":106,"column":8}},{"start":{"line":106,"column":8},"end":{"line":106,"column":8}}]},"17":{"line":107,"type":"if","locations":[{"start":{"line":107,"column":8},"end":{"line":107,"column":8}},{"start":{"line":107,"column":8},"end":{"line":107,"column":8}}]},"18":{"line":110,"type":"if","locations":[{"start":{"line":110,"column":8},"end":{"line":110,"column":8}},{"start":{"line":110,"column":8},"end":{"line":110,"column":8}}]},"19":{"line":112,"type":"if","locations":[{"start":{"line":112,"column":8},"end":{"line":112,"column":8}},{"start":{"line":112,"column":8},"end":{"line":112,"column":8}}]},"20":{"line":127,"type":"if","locations":[{"start":{"line":127,"column":48},"end":{"line":127,"column":48}},{"start":{"line":127,"column":48},"end":{"line":127,"column":48}}]},"21":{"line":127,"type":"if","locations":[{"start":{"line":127,"column":62},"end":{"line":127,"column":62}},{"start":{"line":127,"column":62},"end":{"line":127,"column":62}}]},"22":{"line":129,"type":"if","locations":[{"start":{"line":129,"column":8},"end":{"line":129,"column":8}},{"start":{"line":129,"column":8},"end":{"line":129,"column":8}}]},"23":{"line":130,"type":"if","locations":[{"start":{"line":130,"column":8},"end":{"line":130,"column":8}},{"start":{"line":130,"column":8},"end":{"line":130,"column":8}}]},"24":{"line":143,"type":"if","locations":[{"start":{"line":143,"column":71},"end":{"line":143,"column":71}},{"start":{"line":143,"column":71},"end":{"line":143,"column":71}}]},"25":{"line":143,"type":"if","locations":[{"start":{"line":143,"column":81},"end":{"line":143,"column":81}},{"start":{"line":143,"column":81},"end":{"line":143,"column":81}}]},"26":{"line":148,"type":"if","locations":[{"start":{"line":148,"column":30},"end":{"line":148,"column":30}},{"start":{"line":148,"column":30},"end":{"line":148,"column":30}}]},"27":{"line":152,"type":"if","locations":[{"start":{"line":152,"column":32},"end":{"line":152,"column":32}},{"start":{"line":152,"column":32},"end":{"line":152,"column":32}}]}}},"contracts/MirrorDomainNFT.sol":{"l":{"33":3,"34":3,"38":4,"39":4,"50":4,"51":4,"52":4,"53":4,"54":4,"55":4,"59":1,"60":1,"61":1,"62":1,"63":1,"64":1,"75":2,"79":1,"90":1,"98":1,"99":2,"104":0,"105":0,"110":0,"111":0,"112":0,"113":0,"115":0,"119":0},"path":"/workspaces/domainfi-bastion/packages/contracts-avalanche/contracts/MirrorDomainNFT.sol","s":{"1":3,"2":3,"3":4,"4":4,"5":4,"6":4,"7":4,"8":1,"9":1,"10":1,"11":1,"12":2,"13":1,"14":1,"15":1,"16":2,"17":0,"18":0,"19":0,"20":0,"21":0,"22":0,"23":0},"b":{"1":[4,0],"2":[2,0],"3":[1,0],"4":[1,0],"5":[1,0],"6":[0,0]},"f":{"1":3,"2":4,"3":4,"4":1,"5":2,"6":1,"7":1,"8":0,"9":0,"10":0},"fnMap":{"1":{"name":"constructor","line":32,"loc":{"start":{"line":32,"column":4},"end":{"line":35,"column":4}}},"2":{"name":"onlyRelayer","line":37,"loc":{"start":{"line":37,"column":4},"end":{"line":40,"column":4}}},"3":{"name":"_mintMirror","line":42,"loc":{"start":{"line":42,"column":4},"end":{"line":56,"column":4}}},"4":{"name":"_burnMirror","line":58,"loc":{"start":{"line":58,"column":4},"end":{"line":65,"column":4}}},"5":{"name":"mint","line":74,"loc":{"start":{"line":67,"column":4},"end":{"line":76,"column":4}}},"6":{"name":"burn","line":78,"loc":{"start":{"line":78,"column":4},"end":{"line":80,"column":4}}},"7":{"name":"batchMint","line":89,"loc":{"start":{"line":82,"column":4},"end":{"line":101,"column":4}}},"8":{"name":"batchBurn","line":103,"loc":{"start":{"line":103,"column":4},"end":{"line":107,"column":4}}},"9":{"name":"tokensOfCircle","line":109,"loc":{"start":{"line":109,"column":4},"end":{"line":116,"column":4}}},"10":{"name":"supportsInterface","line":118,"loc":{"start":{"line":118,"column":4},"end":{"line":120,"column":4}}}},"statementMap":{"1":{"start":{"line":33,"column":8},"end":{"line":33,"column":49}},"2":{"start":{"line":34,"column":8},"end":{"line":34,"column":40}},"3":{"start":{"line":38,"column":8},"end":{"line":38,"column":64}},"4":{"start":{"line":50,"column":8},"end":{"line":50,"column":29}},"5":{"start":{"line":51,"column":8},"end":{"line":51,"column":33}},"6":{"start":{"line":54,"column":8},"end":{"line":54,"column":41}},"7":{"start":{"line":55,"column":8},"end":{"line":55,"column":84}},"8":{"start":{"line":59,"column":8},"end":{"line":59,"column":41}},"9":{"start":{"line":60,"column":8},"end":{"line":60,"column":21}},"10":{"start":{"line":63,"column":8},"end":{"line":63,"column":44}},"11":{"start":{"line":64,"column":8},"end":{"line":64,"column":34}},"12":{"start":{"line":75,"column":8},"end":{"line":75,"column":77}},"13":{"start":{"line":79,"column":8},"end":{"line":79,"column":27}},"14":{"start":{"line":90,"column":8},"end":{"line":90,"column":2941}},"15":{"start":{"line":98,"column":8},"end":{"line":98,"column":3260}},"16":{"start":{"line":99,"column":12},"end":{"line":99,"column":106}},"17":{"start":{"line":104,"column":8},"end":{"line":104,"column":3516}},"18":{"start":{"line":105,"column":12},"end":{"line":105,"column":35}},"19":{"start":{"line":110,"column":8},"end":{"line":110,"column":52}},"20":{"start":{"line":111,"column":8},"end":{"line":111,"column":49}},"21":{"start":{"line":112,"column":8},"end":{"line":112,"column":3819}},"22":{"start":{"line":115,"column":8},"end":{"line":115,"column":18}},"23":{"start":{"line":119,"column":8},"end":{"line":119,"column":51}}},"branchMap":{"1":{"line":38,"type":"if","locations":[{"start":{"line":38,"column":8},"end":{"line":38,"column":8}},{"start":{"line":38,"column":8},"end":{"line":38,"column":8}}]},"2":{"line":74,"type":"if","locations":[{"start":{"line":74,"column":15},"end":{"line":74,"column":15}},{"start":{"line":74,"column":15},"end":{"line":74,"column":15}}]},"3":{"line":78,"type":"if","locations":[{"start":{"line":78,"column":44},"end":{"line":78,"column":44}},{"start":{"line":78,"column":44},"end":{"line":78,"column":44}}]},"4":{"line":89,"type":"if","locations":[{"start":{"line":89,"column":15},"end":{"line":89,"column":15}},{"start":{"line":89,"column":15},"end":{"line":89,"column":15}}]},"5":{"line":90,"type":"if","locations":[{"start":{"line":90,"column":8},"end":{"line":90,"column":8}},{"start":{"line":90,"column":8},"end":{"line":90,"column":8}}]},"6":{"line":103,"type":"if","locations":[{"start":{"line":103,"column":61},"end":{"line":103,"column":61}},{"start":{"line":103,"column":61},"end":{"line":103,"column":61}}]}}},"contracts/mocks/MockContracts.sol":{"l":{"11":0,"15":0,"19":0,"27":0,"35":0,"39":0,"43":0},"path":"/workspaces/domainfi-bastion/packages/contracts-avalanche/contracts/mocks/MockContracts.sol","s":{"1":0,"2":0,"3":0,"4":0},"b":{},"f":{"1":0,"2":0,"3":0,"4":0,"5":0,"6":0,"7":0,"8":0},"fnMap":{"1":{"name":"constructor","line":10,"loc":{"start":{"line":10,"column":4},"end":{"line":12,"column":4}}},"2":{"name":"decimals","line":14,"loc":{"start":{"line":14,"column":4},"end":{"line":16,"column":4}}},"3":{"name":"mint","line":18,"loc":{"start":{"line":18,"column":4},"end":{"line":20,"column":4}}},"4":{"name":"constructor","line":24,"loc":{"start":{"line":24,"column":4},"end":{"line":24,"column":45}}},"5":{"name":"mint","line":26,"loc":{"start":{"line":26,"column":4},"end":{"line":28,"column":4}}},"6":{"name":"constructor","line":34,"loc":{"start":{"line":34,"column":4},"end":{"line":36,"column":4}}},"7":{"name":"latestAnswer","line":38,"loc":{"start":{"line":38,"column":4},"end":{"line":40,"column":4}}},"8":{"name":"setPrice","line":42,"loc":{"start":{"line":42,"column":4},"end":{"line":44,"column":4}}}},"statementMap":{"1":{"start":{"line":15,"column":8},"end":{"line":15,"column":24}},"2":{"start":{"line":19,"column":8},"end":{"line":19,"column":24}},"3":{"start":{"line":27,"column":8},"end":{"line":27,"column":25}},"4":{"start":{"line":39,"column":8},"end":{"line":39,"column":21}}},"branchMap":{}}}