{"contracts/AuctionAdapter.sol":{"l":{"37":5,"38":5,"42":3,"43":3,"44":3,"45":3,"50":1,"51":1,"55":1,"56":1,"60":1,"61":1,"65":1,"66":1,"70":1,"71":1,"75":0,"76":0,"80":0,"81":0},"path":"/workspaces/domainfi-bastion/packages/contracts-doma/contracts/AuctionAdapter.sol","s":{"1":5,"2":3,"3":3,"4":1,"5":1,"6":1,"7":1,"8":1,"9":1,"10":1,"11":1,"12":1,"13":1,"14":0,"15":0},"b":{"1":[0,5],"2":[0,3],"3":[0,3],"4":[1,0],"5":[1,0],"6":[1,0],"7":[1,0],"8":[1,0],"9":[1,0],"10":[1,0],"11":[1,0],"12":[0,0],"13":[0,0],"14":[0,0],"15":[0,0]},"f":{"1":5,"2":3,"3":1,"4":1,"5":1,"6":1,"7":1,"8":0,"9":0},"fnMap":{"1":{"name":"onlyTreasury","line":35,"loc":{"start":{"line":35,"column":4},"end":{"line":39,"column":4}}},"2":{"name":"constructor","line":41,"loc":{"start":{"line":41,"column":4},"end":{"line":46,"column":4}}},"3":{"name":"placeBid","line":48,"loc":{"start":{"line":48,"column":4},"end":{"line":52,"column":4}}},"4":{"name":"settleAuction","line":54,"loc":{"start":{"line":54,"column":4},"end":{"line":57,"column":4}}},"5":{"name":"claimAuction","line":59,"loc":{"start":{"line":59,"column":4},"end":{"line":62,"column":4}}},"6":{"name":"depositDomain","line":64,"loc":{"start":{"line":64,"column":4},"end":{"line":67,"column":4}}},"7":{"name":"withdrawDomain","line":69,"loc":{"start":{"line":69,"column":4},"end":{"line":72,"column":4}}},"8":{"name":"setAuction","line":74,"loc":{"start":{"line":74,"column":4},"end":{"line":77,"column":4}}},"9":{"name":"setVault","line":79,"loc":{"start":{"line":79,"column":4},"end":{"line":82,"column":4}}}},"statementMap":{"1":{"start":{"line":37,"column":8},"end":{"line":37,"column":61}},"2":{"start":{"line":42,"column":8},"end":{"line":42,"column":59}},"3":{"start":{"line":43,"column":8},"end":{"line":43,"column":55}},"4":{"start":{"line":50,"column":8},"end":{"line":50,"column":56}},"5":{"start":{"line":51,"column":8},"end":{"line":51,"column":67}},"6":{"start":{"line":55,"column":8},"end":{"line":55,"column":32}},"7":{"start":{"line":56,"column":8},"end":{"line":56,"column":38}},"8":{"start":{"line":60,"column":8},"end":{"line":60,"column":31}},"9":{"start":{"line":61,"column":8},"end":{"line":61,"column":50}},"10":{"start":{"line":65,"column":8},"end":{"line":65,"column":52}},"11":{"start":{"line":66,"column":8},"end":{"line":66,"column":51}},"12":{"start":{"line":70,"column":8},"end":{"line":70,"column":42}},"13":{"start":{"line":71,"column":8},"end":{"line":71,"column":43}},"14":{"start":{"line":75,"column":8},"end":{"line":75,"column":59}},"15":{"start":{"line":80,"column":8},"end":{"line":80,"column":55}}},"branchMap":{"1":{"line":37,"type":"if","locations":[{"start":{"line":37,"column":8},"end":{"line":37,"column":8}},{"start":{"line":37,"column":8},"end":{"line":37,"column":8}}]},"2":{"line":42,"type":"if","locations":[{"start":{"line":42,"column":8},"end":{"line":42,"column":8}},{"start":{"line":42,"column":8},"end":{"line":42,"column":8}}]},"3":{"line":43,"type":"if","locations":[{"start":{"line":43,"column":8},"end":{"line":43,"column":8}},{"start":{"line":43,"column":8},"end":{"line":43,"column":8}}]},"4":{"line":48,"type":"if","locations":[{"start":{"line":48,"column":88},"end":{"line":48,"column":88}},{"start":{"line":48,"column":88},"end":{"line":48,"column":88}}]},"5":{"line":48,"type":"if","locations":[{"start":{"line":48,"column":101},"end":{"line":48,"column":101}},{"start":{"line":48,"column":101},"end":{"line":48,"column":101}}]},"6":{"line":54,"type":"if","locations":[{"start":{"line":54,"column":55},"end":{"line":54,"column":55}},{"start":{"line":54,"column":55},"end":{"line":54,"column":55}}]},"7":{"line":54,"type":"if","locations":[{"start":{"line":54,"column":68},"end":{"line":54,"column":68}},{"start":{"line":54,"column":68},"end":{"line":54,"column":68}}]},"8":{"line":59,"type":"if","locations":[{"start":{"line":59,"column":54},"end":{"line":59,"column":54}},{"start":{"line":59,"column":54},"end":{"line":59,"column":54}}]},"9":{"line":59,"type":"if","locations":[{"start":{"line":59,"column":67},"end":{"line":59,"column":67}},{"start":{"line":59,"column":67},"end":{"line":59,"column":67}}]},"10":{"line":64,"type":"if","locations":[{"start":{"line":64,"column":78},"end":{"line":64,"column":78}},{"start":{"line":64,"column":78},"end":{"line":64,"column":78}}]},"11":{"line":69,"type":"if","locations":[{"start":{"line":69,"column":68},"end":{"line":69,"column":68}},{"start":{"line":69,"column":68},"end":{"line":69,"column":68}}]},"12":{"line":74,"type":"if","locations":[{"start":{"line":74,"column":51},"end":{"line":74,"column":51}},{"start":{"line":74,"column":51},"end":{"line":74,"column":51}}]},"13":{"line":75,"type":"if","locations":[{"start":{"line":75,"column":8},"end":{"line":75,"column":8}},{"start":{"line":75,"column":8},"end":{"line":75,"column":8}}]},"14":{"line":79,"type":"if","locations":[{"start":{"line":79,"column":47},"end":{"line":79,"column":47}},{"start":{"line":79,"column":47},"end":{"line":79,"column":47}}]},"15":{"line":80,"type":"if","locations":[{"start":{"line":80,"column":8},"end":{"line":80,"column":8}},{"start":{"line":80,"column":8},"end":{"line":80,"column":8}}]}}},"contracts/BastionProtocol.sol":{"l":{"29":0,"30":0,"46":0,"48":0,"49":0,"50":0,"52":0,"63":0,"64":0,"66":0,"67":0,"68":0,"70":0,"77":2,"84":1,"91":1},"path":"/workspaces/domainfi-bastion/packages/contracts-doma/contracts/BastionProtocol.sol","s":{"1":0,"2":0,"3":0,"4":0,"5":0,"6":0,"7":0,"8":0,"9":1},"b":{"1":[0,0],"2":[0,0],"3":[0,0],"4":[0,0],"5":[0,0],"6":[0,0],"7":[0,0],"8":[0,0],"9":[2,1],"10":[1,0]},"f":{"1":0,"2":2,"3":0,"4":0,"5":2,"6":1,"7":1},"fnMap":{"1":{"name":"onlySupportedToken","line":28,"loc":{"start":{"line":28,"column":4},"end":{"line":31,"column":4}}},"2":{"name":"constructor","line":33,"loc":{"start":{"line":33,"column":4},"end":{"line":36,"column":4}}},"3":{"name":"deposit","line":44,"loc":{"start":{"line":41,"column":4},"end":{"line":53,"column":4}}},"4":{"name":"withdraw","line":61,"loc":{"start":{"line":58,"column":4},"end":{"line":71,"column":4}}},"5":{"name":"addSupportedToken","line":76,"loc":{"start":{"line":76,"column":4},"end":{"line":78,"column":4}}},"6":{"name":"removeSupportedToken","line":83,"loc":{"start":{"line":83,"column":4},"end":{"line":85,"column":4}}},"7":{"name":"getUserBalance","line":90,"loc":{"start":{"line":90,"column":4},"end":{"line":92,"column":4}}}},"statementMap":{"1":{"start":{"line":29,"column":8},"end":{"line":29,"column":61}},"2":{"start":{"line":46,"column":8},"end":{"line":46,"column":59}},"3":{"start":{"line":48,"column":8},"end":{"line":48,"column":72}},"4":{"start":{"line":52,"column":8},"end":{"line":52,"column":47}},"5":{"start":{"line":63,"column":8},"end":{"line":63,"column":59}},"6":{"start":{"line":64,"column":8},"end":{"line":64,"column":81}},"7":{"start":{"line":68,"column":8},"end":{"line":68,"column":53}},"8":{"start":{"line":70,"column":8},"end":{"line":70,"column":48}},"9":{"start":{"line":91,"column":8},"end":{"line":91,"column":40}}},"branchMap":{"1":{"line":29,"type":"if","locations":[{"start":{"line":29,"column":8},"end":{"line":29,"column":8}},{"start":{"line":29,"column":8},"end":{"line":29,"column":8}}]},"2":{"line":43,"type":"if","locations":[{"start":{"line":43,"column":8},"end":{"line":43,"column":8}},{"start":{"line":43,"column":8},"end":{"line":43,"column":8}}]},"3":{"line":44,"type":"if","locations":[{"start":{"line":44,"column":8},"end":{"line":44,"column":8}},{"start":{"line":44,"column":8},"end":{"line":44,"column":8}}]},"4":{"line":46,"type":"if","locations":[{"start":{"line":46,"column":8},"end":{"line":46,"column":8}},{"start":{"line":46,"column":8},"end":{"line":46,"column":8}}]},"5":{"line":60,"type":"if","locations":[{"start":{"line":60,"column":8},"end":{"line":60,"column":8}},{"start":{"line":60,"column":8},"end":{"line":60,"column":8}}]},"6":{"line":61,"type":"if","locations":[{"start":{"line":61,"column":8},"end":{"line":61,"column":8}},{"start":{"line":61,"column":8},"end":{"line":61,"column":8}}]},"7":{"line":63,"type":"if","locations":[{"start":{"line":63,"column":8},"end":{"line":63,"column":8}},{"start":{"line":63,"column":8},"end":{"line":63,"column":8}}]},"8":{"line":64,"type":"if","locations":[{"start":{"line":64,"column":8},"end":{"line":64,"column":8}},{"start":{"line":64,"column":8},"end":{"line":64,"column":8}}]},"9":{"line":76,"type":"if","locations":[{"start":{"line":76,"column":55},"end":{"line":76,"column":55}},{"start":{"line":76,"column":55},"end":{"line":76,"column":55}}]},"10":{"line":83,"type":"if","locations":[{"start":{"line":83,"column":58},"end":{"line":83,"column":58}},{"start":{"line":83,"column":58},"end":{"line":83,"column":58}}]}}},"contracts/CircleFactory.sol":{"l":{"28":2,"29":2,"30":2,"35":0,"36":0,"44":28,"45":28,"47":28,"48":28,"49":0,"50":0},"path":"/workspaces/domainfi-bastion/packages/contracts-doma/contracts/CircleFactory.sol","s":{"1":2,"2":0,"3":28,"4":28,"5":28,"6":0,"7":0},"b":{"1":[0,2],"2":[0,0],"3":[0,28],"4":[0,28]},"f":{"1":2,"2":0,"3":28},"fnMap":{"1":{"name":"constructor","line":27,"loc":{"start":{"line":27,"column":4},"end":{"line":31,"column":4}}},"2":{"name":"setRegistry","line":34,"loc":{"start":{"line":34,"column":4},"end":{"line":37,"column":4}}},"3":{"name":"createCircle","line":43,"loc":{"start":{"line":43,"column":4},"end":{"line":51,"column":4}}}},"statementMap":{"1":{"start":{"line":28,"column":8},"end":{"line":28,"column":79}},"2":{"start":{"line":36,"column":8},"end":{"line":36,"column":39}},"3":{"start":{"line":44,"column":8},"end":{"line":44,"column":59}},"4":{"start":{"line":47,"column":8},"end":{"line":47,"column":122}},"5":{"start":{"line":48,"column":8},"end":{"line":48,"column":43}},"6":{"start":{"line":49,"column":8},"end":{"line":49,"column":55}},"7":{"start":{"line":50,"column":8},"end":{"line":50,"column":52}}},"branchMap":{"1":{"line":28,"type":"if","locations":[{"start":{"line":28,"column":8},"end":{"line":28,"column":8}},{"start":{"line":28,"column":8},"end":{"line":28,"column":8}}]},"2":{"line":34,"type":"if","locations":[{"start":{"line":34,"column":53},"end":{"line":34,"column":53}},{"start":{"line":34,"column":53},"end":{"line":34,"column":53}}]},"3":{"line":44,"type":"if","locations":[{"start":{"line":44,"column":8},"end":{"line":44,"column":8}},{"start":{"line":44,"column":8},"end":{"line":44,"column":8}}]},"4":{"line":48,"type":"if","locations":[{"start":{"line":48,"column":8},"end":{"line":48,"column":8}},{"start":{"line":48,"column":8},"end":{"line":48,"column":8}}]}}},"contracts/CircleTreasury.sol":{"l":{"50":4,"51":4,"52":9,"53":4,"54":4,"57":4,"58":4,"62":4,"63":4,"64":4,"65":4,"66":4,"67":4,"71":4,"72":4,"73":4,"77":1,"78":1,"79":1,"83":1,"84":1,"85":1,"86":1,"87":1,"88":1,"89":1,"93":2,"94":2,"95":2,"96":2,"97":2,"98":2,"102":1,"103":1,"104":1,"105":1,"106":1,"107":1,"108":1,"112":0,"113":0,"117":1,"118":1,"122":1,"123":1,"127":0,"128":0,"130":0,"134":0},"path":"/workspaces/domainfi-bastion/packages/contracts-doma/contracts/CircleTreasury.sol","s":{"1":4,"2":4,"3":9,"4":4,"5":4,"6":4,"7":4,"8":4,"9":4,"10":1,"11":1,"12":1,"13":1,"14":1,"15":1,"16":2,"17":2,"18":2,"19":2,"20":1,"21":1,"22":1,"23":1,"24":1,"25":1,"26":0,"27":1,"28":1,"29":1,"30":1,"31":0,"32":0,"33":0,"34":0,"35":0},"b":{"1":[4,5],"2":[0,4],"3":[4,0],"4":[4,0],"5":[4,1],"6":[4,0],"7":[4,0],"8":[1,0],"9":[1,0],"10":[1,0],"11":[1,0],"12":[1,0],"13":[1,0],"14":[2,0],"15":[2,0],"16":[0,2],"17":[0,2],"18":[1,0],"19":[1,0],"20":[1,0],"21":[0,1],"22":[0,1],"23":[0,0],"24":[0,0],"25":[1,0],"26":[1,0],"27":[0,0]},"f":{"1":4,"2":4,"3":4,"4":1,"5":1,"6":2,"7":1,"8":0,"9":1,"10":1,"11":0,"12":0},"fnMap":{"1":{"name":"onlySigner","line":49,"loc":{"start":{"line":49,"column":4},"end":{"line":59,"column":4}}},"2":{"name":"constructor","line":61,"loc":{"start":{"line":61,"column":4},"end":{"line":68,"column":4}}},"3":{"name":"deposit","line":70,"loc":{"start":{"line":70,"column":4},"end":{"line":74,"column":4}}},"4":{"name":"withdraw","line":76,"loc":{"start":{"line":76,"column":4},"end":{"line":80,"column":4}}},"5":{"name":"createProposal","line":82,"loc":{"start":{"line":82,"column":4},"end":{"line":90,"column":4}}},"6":{"name":"approveProposal","line":92,"loc":{"start":{"line":92,"column":4},"end":{"line":99,"column":4}}},"7":{"name":"executeProposal","line":101,"loc":{"start":{"line":101,"column":4},"end":{"line":109,"column":4}}},"8":{"name":"setAuctionAdapter","line":111,"loc":{"start":{"line":111,"column":4},"end":{"line":114,"column":4}}},"9":{"name":"pause","line":116,"loc":{"start":{"line":116,"column":4},"end":{"line":119,"column":4}}},"10":{"name":"unpause","line":121,"loc":{"start":{"line":121,"column":4},"end":{"line":124,"column":4}}},"11":{"name":"isSigner","line":126,"loc":{"start":{"line":126,"column":4},"end":{"line":131,"column":4}}},"12":{"name":"getSigners","line":133,"loc":{"start":{"line":133,"column":4},"end":{"line":135,"column":4}}}},"statementMap":{"1":{"start":{"line":50,"column":8},"end":{"line":50,"column":34}},"2":{"start":{"line":51,"column":8},"end":{"line":51,"column":1842}},"3":{"start":{"line":52,"column":12},"end":{"line":52,"column":1905}},"4":{"start":{"line":57,"column":8},"end":{"line":57,"column":46}},"5":{"start":{"line":62,"column":8},"end":{"line":62,"column":77}},"6":{"start":{"line":63,"column":8},"end":{"line":63,"column":80}},"7":{"start":{"line":71,"column":8},"end":{"line":71,"column":41}},"8":{"start":{"line":72,"column":8},"end":{"line":72,"column":59}},"9":{"start":{"line":73,"column":8},"end":{"line":73,"column":40}},"10":{"start":{"line":77,"column":8},"end":{"line":77,"column":41}},"11":{"start":{"line":78,"column":8},"end":{"line":78,"column":32}},"12":{"start":{"line":79,"column":8},"end":{"line":79,"column":33}},"13":{"start":{"line":84,"column":8},"end":{"line":84,"column":53}},"14":{"start":{"line":88,"column":8},"end":{"line":88,"column":76}},"15":{"start":{"line":89,"column":8},"end":{"line":89,"column":28}},"16":{"start":{"line":93,"column":8},"end":{"line":93,"column":50}},"17":{"start":{"line":94,"column":8},"end":{"line":94,"column":56}},"18":{"start":{"line":95,"column":8},"end":{"line":95,"column":62}},"19":{"start":{"line":98,"column":8},"end":{"line":98,"column":53}},"20":{"start":{"line":102,"column":8},"end":{"line":102,"column":50}},"21":{"start":{"line":103,"column":8},"end":{"line":103,"column":56}},"22":{"start":{"line":104,"column":8},"end":{"line":104,"column":73}},"23":{"start":{"line":106,"column":8},"end":{"line":106,"column":54}},"24":{"start":{"line":107,"column":8},"end":{"line":107,"column":69}},"25":{"start":{"line":108,"column":8},"end":{"line":108,"column":41}},"26":{"start":{"line":112,"column":8},"end":{"line":112,"column":59}},"27":{"start":{"line":117,"column":8},"end":{"line":117,"column":15}},"28":{"start":{"line":118,"column":8},"end":{"line":118,"column":40}},"29":{"start":{"line":122,"column":8},"end":{"line":122,"column":17}},"30":{"start":{"line":123,"column":8},"end":{"line":123,"column":42}},"31":{"start":{"line":127,"column":8},"end":{"line":127,"column":4767}},"32":{"start":{"line":128,"column":12},"end":{"line":128,"column":50}},"33":{"start":{"line":128,"column":39},"end":{"line":128,"column":50}},"34":{"start":{"line":130,"column":8},"end":{"line":130,"column":20}},"35":{"start":{"line":134,"column":8},"end":{"line":134,"column":22}}},"branchMap":{"1":{"line":52,"type":"if","locations":[{"start":{"line":52,"column":12},"end":{"line":52,"column":12}},{"start":{"line":52,"column":12},"end":{"line":52,"column":12}}]},"2":{"line":57,"type":"if","locations":[{"start":{"line":57,"column":8},"end":{"line":57,"column":8}},{"start":{"line":57,"column":8},"end":{"line":57,"column":8}}]},"3":{"line":62,"type":"if","locations":[{"start":{"line":62,"column":8},"end":{"line":62,"column":8}},{"start":{"line":62,"column":8},"end":{"line":62,"column":8}}]},"4":{"line":63,"type":"if","locations":[{"start":{"line":63,"column":8},"end":{"line":63,"column":8}},{"start":{"line":63,"column":8},"end":{"line":63,"column":8}}]},"5":{"line":70,"type":"if","locations":[{"start":{"line":70,"column":46},"end":{"line":70,"column":46}},{"start":{"line":70,"column":46},"end":{"line":70,"column":46}}]},"6":{"line":70,"type":"if","locations":[{"start":{"line":70,"column":60},"end":{"line":70,"column":60}},{"start":{"line":70,"column":60},"end":{"line":70,"column":60}}]},"7":{"line":71,"type":"if","locations":[{"start":{"line":71,"column":8},"end":{"line":71,"column":8}},{"start":{"line":71,"column":8},"end":{"line":71,"column":8}}]},"8":{"line":76,"type":"if","locations":[{"start":{"line":76,"column":59},"end":{"line":76,"column":59}},{"start":{"line":76,"column":59},"end":{"line":76,"column":59}}]},"9":{"line":76,"type":"if","locations":[{"start":{"line":76,"column":69},"end":{"line":76,"column":69}},{"start":{"line":76,"column":69},"end":{"line":76,"column":69}}]},"10":{"line":76,"type":"if","locations":[{"start":{"line":76,"column":83},"end":{"line":76,"column":83}},{"start":{"line":76,"column":83},"end":{"line":76,"column":83}}]},"11":{"line":77,"type":"if","locations":[{"start":{"line":77,"column":8},"end":{"line":77,"column":8}},{"start":{"line":77,"column":8},"end":{"line":77,"column":8}}]},"12":{"line":82,"type":"if","locations":[{"start":{"line":82,"column":94},"end":{"line":82,"column":94}},{"start":{"line":82,"column":94},"end":{"line":82,"column":94}}]},"13":{"line":82,"type":"if","locations":[{"start":{"line":82,"column":105},"end":{"line":82,"column":105}},{"start":{"line":82,"column":105},"end":{"line":82,"column":105}}]},"14":{"line":92,"type":"if","locations":[{"start":{"line":92,"column":58},"end":{"line":92,"column":58}},{"start":{"line":92,"column":58},"end":{"line":92,"column":58}}]},"15":{"line":92,"type":"if","locations":[{"start":{"line":92,"column":69},"end":{"line":92,"column":69}},{"start":{"line":92,"column":69},"end":{"line":92,"column":69}}]},"16":{"line":94,"type":"if","locations":[{"start":{"line":94,"column":8},"end":{"line":94,"column":8}},{"start":{"line":94,"column":8},"end":{"line":94,"column":8}}]},"17":{"line":95,"type":"if","locations":[{"start":{"line":95,"column":8},"end":{"line":95,"column":8}},{"start":{"line":95,"column":8},"end":{"line":95,"column":8}}]},"18":{"line":101,"type":"if","locations":[{"start":{"line":101,"column":58},"end":{"line":101,"column":58}},{"start":{"line":101,"column":58},"end":{"line":101,"column":58}}]},"19":{"line":101,"type":"if","locations":[{"start":{"line":101,"column":69},"end":{"line":101,"column":69}},{"start":{"line":101,"column":69},"end":{"line":101,"column":69}}]},"20":{"line":101,"type":"if","locations":[{"start":{"line":101,"column":83},"end":{"line":101,"column":83}},{"start":{"line":101,"column":83},"end":{"line":101,"column":83}}]},"21":{"line":103,"type":"if","locations":[{"start":{"line":103,"column":8},"end":{"line":103,"column":8}},{"start":{"line":103,"column":8},"end":{"line":103,"column":8}}]},"22":{"line":104,"type":"if","locations":[{"start":{"line":104,"column":8},"end":{"line":104,"column":8}},{"start":{"line":104,"column":8},"end":{"line":104,"column":8}}]},"23":{"line":111,"type":"if","locations":[{"start":{"line":111,"column":58},"end":{"line":111,"column":58}},{"start":{"line":111,"column":58},"end":{"line":111,"column":58}}]},"24":{"line":112,"type":"if","locations":[{"start":{"line":112,"column":8},"end":{"line":112,"column":8}},{"start":{"line":112,"column":8},"end":{"line":112,"column":8}}]},"25":{"line":116,"type":"if","locations":[{"start":{"line":116,"column":30},"end":{"line":116,"column":30}},{"start":{"line":116,"column":30},"end":{"line":116,"column":30}}]},"26":{"line":121,"type":"if","locations":[{"start":{"line":121,"column":32},"end":{"line":121,"column":32}},{"start":{"line":121,"column":32},"end":{"line":121,"column":32}}]},"27":{"line":128,"type":"if","locations":[{"start":{"line":128,"column":12},"end":{"line":128,"column":12}},{"start":{"line":128,"column":12},"end":{"line":128,"column":12}}]}}},"contracts/CircleVault.sol":{"l":{"31":2,"32":2,"33":5,"34":2,"35":2,"38":2,"39":2,"43":4,"44":4,"45":4,"46":4,"47":4,"53":3,"54":3,"55":3,"61":0,"62":0,"63":0,"68":1,"69":1,"70":1,"71":1,"73":1,"74":1,"76":1,"81":2,"82":2,"83":2,"84":2,"85":1,"92":0,"97":0,"98":0,"99":0,"105":1,"106":1,"109":1,"110":1,"114":0,"115":0,"117":0,"120":0},"path":"/workspaces/domainfi-bastion/packages/contracts-doma/contracts/CircleVault.sol","s":{"1":2,"2":2,"3":5,"4":2,"5":4,"6":4,"7":3,"8":3,"9":0,"10":0,"11":1,"12":1,"13":1,"14":1,"15":2,"16":2,"17":1,"18":0,"19":0,"20":0,"21":0,"22":1,"23":1,"24":1,"25":1,"26":0,"27":0,"28":0,"29":0,"30":0},"b":{"1":[2,3],"2":[0,2],"3":[4,0],"4":[4,0],"5":[3,1],"6":[3,0],"7":[0,0],"8":[0,0],"9":[1,0],"10":[2,0],"11":[2,0],"12":[2,0],"13":[0,2],"14":[1,1],"15":[0,0],"16":[0,0],"17":[0,0],"18":[0,0],"19":[0,0],"20":[0,0],"21":[0,0],"22":[1,0],"23":[1,0],"24":[0,0]},"f":{"1":2,"2":4,"3":3,"4":0,"5":1,"6":2,"7":0,"8":0,"9":1,"10":1,"11":0,"12":0},"fnMap":{"1":{"name":"onlySigner","line":30,"loc":{"start":{"line":30,"column":4},"end":{"line":40,"column":4}}},"2":{"name":"constructor","line":42,"loc":{"start":{"line":42,"column":4},"end":{"line":48,"column":4}}},"3":{"name":"onClaim","line":51,"loc":{"start":{"line":51,"column":4},"end":{"line":56,"column":4}}},"4":{"name":"depositDomain","line":59,"loc":{"start":{"line":59,"column":4},"end":{"line":64,"column":4}}},"5":{"name":"_withdraw","line":67,"loc":{"start":{"line":67,"column":4},"end":{"line":77,"column":4}}},"6":{"name":"withdraw","line":80,"loc":{"start":{"line":80,"column":4},"end":{"line":87,"column":4}}},"7":{"name":"withdrawDomain","line":90,"loc":{"start":{"line":90,"column":4},"end":{"line":93,"column":4}}},"8":{"name":"batchWithdraw","line":96,"loc":{"start":{"line":96,"column":4},"end":{"line":101,"column":4}}},"9":{"name":"emergencyPause","line":104,"loc":{"start":{"line":104,"column":4},"end":{"line":107,"column":4}}},"10":{"name":"emergencyUnpause","line":108,"loc":{"start":{"line":108,"column":4},"end":{"line":111,"column":4}}},"11":{"name":"isSigner","line":113,"loc":{"start":{"line":113,"column":4},"end":{"line":118,"column":4}}},"12":{"name":"getSigners","line":119,"loc":{"start":{"line":119,"column":4},"end":{"line":121,"column":4}}}},"statementMap":{"1":{"start":{"line":31,"column":8},"end":{"line":31,"column":34}},"2":{"start":{"line":32,"column":8},"end":{"line":32,"column":1218}},"3":{"start":{"line":33,"column":12},"end":{"line":33,"column":1281}},"4":{"start":{"line":38,"column":8},"end":{"line":38,"column":46}},"5":{"start":{"line":43,"column":8},"end":{"line":43,"column":56}},"6":{"start":{"line":44,"column":8},"end":{"line":44,"column":80}},"7":{"start":{"line":53,"column":8},"end":{"line":53,"column":71}},"8":{"start":{"line":55,"column":8},"end":{"line":55,"column":67}},"9":{"start":{"line":61,"column":8},"end":{"line":61,"column":71}},"10":{"start":{"line":63,"column":8},"end":{"line":63,"column":76}},"11":{"start":{"line":68,"column":8},"end":{"line":68,"column":79}},"12":{"start":{"line":70,"column":8},"end":{"line":70,"column":74}},"13":{"start":{"line":71,"column":8},"end":{"line":71,"column":65}},"14":{"start":{"line":73,"column":8},"end":{"line":73,"column":3076}},"15":{"start":{"line":81,"column":8},"end":{"line":81,"column":84}},"16":{"start":{"line":84,"column":8},"end":{"line":84,"column":3641}},"17":{"start":{"line":85,"column":12},"end":{"line":85,"column":46}},"18":{"start":{"line":92,"column":8},"end":{"line":92,"column":31}},"19":{"start":{"line":97,"column":8},"end":{"line":97,"column":77}},"20":{"start":{"line":98,"column":8},"end":{"line":98,"column":4391}},"21":{"start":{"line":99,"column":12},"end":{"line":99,"column":54}},"22":{"start":{"line":105,"column":8},"end":{"line":105,"column":15}},"23":{"start":{"line":106,"column":8},"end":{"line":106,"column":40}},"24":{"start":{"line":109,"column":8},"end":{"line":109,"column":17}},"25":{"start":{"line":110,"column":8},"end":{"line":110,"column":42}},"26":{"start":{"line":114,"column":8},"end":{"line":114,"column":4878}},"27":{"start":{"line":115,"column":12},"end":{"line":115,"column":50}},"28":{"start":{"line":115,"column":39},"end":{"line":115,"column":50}},"29":{"start":{"line":117,"column":8},"end":{"line":117,"column":20}},"30":{"start":{"line":120,"column":8},"end":{"line":120,"column":22}}},"branchMap":{"1":{"line":33,"type":"if","locations":[{"start":{"line":33,"column":12},"end":{"line":33,"column":12}},{"start":{"line":33,"column":12},"end":{"line":33,"column":12}}]},"2":{"line":38,"type":"if","locations":[{"start":{"line":38,"column":8},"end":{"line":38,"column":8}},{"start":{"line":38,"column":8},"end":{"line":38,"column":8}}]},"3":{"line":43,"type":"if","locations":[{"start":{"line":43,"column":8},"end":{"line":43,"column":8}},{"start":{"line":43,"column":8},"end":{"line":43,"column":8}}]},"4":{"line":44,"type":"if","locations":[{"start":{"line":44,"column":8},"end":{"line":44,"column":8}},{"start":{"line":44,"column":8},"end":{"line":44,"column":8}}]},"5":{"line":51,"type":"if","locations":[{"start":{"line":51,"column":72},"end":{"line":51,"column":72}},{"start":{"line":51,"column":72},"end":{"line":51,"column":72}}]},"6":{"line":51,"type":"if","locations":[{"start":{"line":51,"column":86},"end":{"line":51,"column":86}},{"start":{"line":51,"column":86},"end":{"line":51,"column":86}}]},"7":{"line":59,"type":"if","locations":[{"start":{"line":59,"column":78},"end":{"line":59,"column":78}},{"start":{"line":59,"column":78},"end":{"line":59,"column":78}}]},"8":{"line":59,"type":"if","locations":[{"start":{"line":59,"column":92},"end":{"line":59,"column":92}},{"start":{"line":59,"column":92},"end":{"line":59,"column":92}}]},"9":{"line":68,"type":"if","locations":[{"start":{"line":68,"column":8},"end":{"line":68,"column":8}},{"start":{"line":68,"column":8},"end":{"line":68,"column":8}}]},"10":{"line":80,"type":"if","locations":[{"start":{"line":80,"column":73},"end":{"line":80,"column":73}},{"start":{"line":80,"column":73},"end":{"line":80,"column":73}}]},"11":{"line":80,"type":"if","locations":[{"start":{"line":80,"column":84},"end":{"line":80,"column":84}},{"start":{"line":80,"column":84},"end":{"line":80,"column":84}}]},"12":{"line":80,"type":"if","locations":[{"start":{"line":80,"column":98},"end":{"line":80,"column":98}},{"start":{"line":80,"column":98},"end":{"line":80,"column":98}}]},"13":{"line":81,"type":"if","locations":[{"start":{"line":81,"column":8},"end":{"line":81,"column":8}},{"start":{"line":81,"column":8},"end":{"line":81,"column":8}}]},"14":{"line":84,"type":"if","locations":[{"start":{"line":84,"column":8},"end":{"line":84,"column":8}},{"start":{"line":84,"column":8},"end":{"line":84,"column":8}}]},"15":{"line":90,"type":"if","locations":[{"start":{"line":90,"column":68},"end":{"line":90,"column":68}},{"start":{"line":90,"column":68},"end":{"line":90,"column":68}}]},"16":{"line":90,"type":"if","locations":[{"start":{"line":90,"column":79},"end":{"line":90,"column":79}},{"start":{"line":90,"column":79},"end":{"line":90,"column":79}}]},"17":{"line":90,"type":"if","locations":[{"start":{"line":90,"column":93},"end":{"line":90,"column":93}},{"start":{"line":90,"column":93},"end":{"line":90,"column":93}}]},"18":{"line":96,"type":"if","locations":[{"start":{"line":96,"column":102},"end":{"line":96,"column":102}},{"start":{"line":96,"column":102},"end":{"line":96,"column":102}}]},"19":{"line":96,"type":"if","locations":[{"start":{"line":96,"column":113},"end":{"line":96,"column":113}},{"start":{"line":96,"column":113},"end":{"line":96,"column":113}}]},"20":{"line":96,"type":"if","locations":[{"start":{"line":96,"column":127},"end":{"line":96,"column":127}},{"start":{"line":96,"column":127},"end":{"line":96,"column":127}}]},"21":{"line":97,"type":"if","locations":[{"start":{"line":97,"column":8},"end":{"line":97,"column":8}},{"start":{"line":97,"column":8},"end":{"line":97,"column":8}}]},"22":{"line":104,"type":"if","locations":[{"start":{"line":104,"column":39},"end":{"line":104,"column":39}},{"start":{"line":104,"column":39},"end":{"line":104,"column":39}}]},"23":{"line":108,"type":"if","locations":[{"start":{"line":108,"column":41},"end":{"line":108,"column":41}},{"start":{"line":108,"column":41},"end":{"line":108,"column":41}}]},"24":{"line":115,"type":"if","locations":[{"start":{"line":115,"column":12},"end":{"line":115,"column":12}},{"start":{"line":115,"column":12},"end":{"line":115,"column":12}}]}}},"contracts/ICircle.sol":{"l":{},"path":"/workspaces/domainfi-bastion/packages/contracts-doma/contracts/ICircle.sol","s":{},"b":{},"f":{},"fnMap":{},"statementMap":{},"branchMap":{}},"contracts/mocks/MockContracts.sol":{"l":{"8":1},"path":"/workspaces/domainfi-bastion/packages/contracts-doma/contracts/mocks/MockContracts.sol","s":{"1":1},"b":{},"f":{"1":1,"2":1,"3":1,"4":1,"5":1,"6":1},"fnMap":{"1":{"name":"placeBid","line":7,"loc":{"start":{"line":7,"column":4},"end":{"line":9,"column":4}}},"2":{"name":"placeBid","line":13,"loc":{"start":{"line":13,"column":4},"end":{"line":13,"column":89}}},"3":{"name":"settle","line":14,"loc":{"start":{"line":14,"column":4},"end":{"line":14,"column":49}}},"4":{"name":"claim","line":15,"loc":{"start":{"line":15,"column":4},"end":{"line":15,"column":48}}},"5":{"name":"depositDomain","line":19,"loc":{"start":{"line":19,"column":4},"end":{"line":19,"column":79}}},"6":{"name":"withdrawDomain","line":20,"loc":{"start":{"line":20,"column":4},"end":{"line":20,"column":69}}}},"statementMap":{"1":{"start":{"line":8,"column":8},"end":{"line":8,"column":55}}},"branchMap":{}},"contracts/mocks/MockERC20.sol":{"l":{"10":4,"14":0,"18":4,"22":0},"path":"/workspaces/domainfi-bastion/packages/contracts-doma/contracts/mocks/MockERC20.sol","s":{"1":0,"2":4,"3":0},"b":{},"f":{"1":4,"2":0,"3":4,"4":0},"fnMap":{"1":{"name":"constructor","line":9,"loc":{"start":{"line":9,"column":4},"end":{"line":11,"column":4}}},"2":{"name":"decimals","line":13,"loc":{"start":{"line":13,"column":4},"end":{"line":15,"column":4}}},"3":{"name":"mint","line":17,"loc":{"start":{"line":17,"column":4},"end":{"line":19,"column":4}}},"4":{"name":"burn","line":21,"loc":{"start":{"line":21,"column":4},"end":{"line":23,"column":4}}}},"statementMap":{"1":{"start":{"line":14,"column":8},"end":{"line":14,"column":24}},"2":{"start":{"line":18,"column":8},"end":{"line":18,"column":24}},"3":{"start":{"line":22,"column":8},"end":{"line":22,"column":26}}},"branchMap":{}},"contracts/mocks/MockERC721.sol":{"l":{"12":5,"16":0},"path":"/workspaces/domainfi-bastion/packages/contracts-doma/contracts/mocks/MockERC721.sol","s":{"1":5,"2":0},"b":{},"f":{"1":4,"2":5,"3":0},"fnMap":{"1":{"name":"constructor","line":9,"loc":{"start":{"line":9,"column":4},"end":{"line":9,"column":45}}},"2":{"name":"mint","line":11,"loc":{"start":{"line":11,"column":4},"end":{"line":13,"column":4}}},"3":{"name":"burn","line":15,"loc":{"start":{"line":15,"column":4},"end":{"line":17,"column":4}}}},"statementMap":{"1":{"start":{"line":12,"column":8},"end":{"line":12,"column":25}},"2":{"start":{"line":16,"column":8},"end":{"line":16,"column":21}}},"branchMap":{}}}